Using pre-set license
Built from '2021.3/staging' branch; Version is '2021.3.2f1 (d6360bedb9a0) revision 14038539'; Using compiler version '192829333'; Build Type 'Release'
OS: 'Windows 10  (10.0.18363) 64bit Core' Language: 'es' Physical Memory: 16320 MB
BatchMode: 1, IsHumanControllingUs: 0, StartBugReporterOnCrash: 0, Is64bit: 1, IsPro: 1

COMMAND LINE ARGUMENTS:
C:\Program Files\Unity\2021.3.2f1\Editor\Unity.exe
-adb2
-batchMode
-noUpm
-name
AssetImportWorker0
-projectPath
E:/estudis/UI-Portfolio/UI-Portfolio
-logFile
Logs/AssetImportWorker0.log
-srvPort
58903
Successfully changed project path to: E:/estudis/UI-Portfolio/UI-Portfolio
E:/estudis/UI-Portfolio/UI-Portfolio
[UnityMemory] Configuration Parameters - Can be set up in boot.config
    "memorysetup-bucket-allocator-granularity=16"
    "memorysetup-bucket-allocator-bucket-count=8"
    "memorysetup-bucket-allocator-block-size=33554432"
    "memorysetup-bucket-allocator-block-count=8"
    "memorysetup-main-allocator-block-size=16777216"
    "memorysetup-thread-allocator-block-size=16777216"
    "memorysetup-gfx-main-allocator-block-size=16777216"
    "memorysetup-gfx-thread-allocator-block-size=16777216"
    "memorysetup-cache-allocator-block-size=4194304"
    "memorysetup-typetree-allocator-block-size=2097152"
    "memorysetup-profiler-bucket-allocator-granularity=16"
    "memorysetup-profiler-bucket-allocator-bucket-count=8"
    "memorysetup-profiler-bucket-allocator-block-size=33554432"
    "memorysetup-profiler-bucket-allocator-block-count=8"
    "memorysetup-profiler-allocator-block-size=16777216"
    "memorysetup-profiler-editor-allocator-block-size=1048576"
    "memorysetup-temp-allocator-size-main=16777216"
    "memorysetup-job-temp-allocator-block-size=2097152"
    "memorysetup-job-temp-allocator-block-size-background=1048576"
    "memorysetup-job-temp-allocator-reduction-small-platforms=262144"
    "memorysetup-temp-allocator-size-background-worker=32768"
    "memorysetup-temp-allocator-size-job-worker=262144"
    "memorysetup-temp-allocator-size-preload-manager=33554432"
    "memorysetup-temp-allocator-size-nav-mesh-worker=65536"
    "memorysetup-temp-allocator-size-audio-worker=65536"
    "memorysetup-temp-allocator-size-cloud-worker=32768"
    "memorysetup-temp-allocator-size-gi-baking-worker=262144"
    "memorysetup-temp-allocator-size-gfx=262144"
Refreshing native plugins compatible for Editor in 134.57 ms, found 3 plugins.
Preloading 0 native plugins for Editor in 0.00 ms.
Initialize engine version: 2021.3.2f1 (d6360bedb9a0)
[Subsystems] Discovering subsystems at path C:/Program Files/Unity/2021.3.2f1/Editor/Data/Resources/UnitySubsystems
[Subsystems] Discovering subsystems at path E:/estudis/UI-Portfolio/UI-Portfolio/Assets
GfxDevice: creating device client; threaded=0; jobified=0
Direct3D:
    Version:  Direct3D 11.0 [level 11.1]
    Renderer: NVIDIA GeForce GTX 1060 6GB (ID=0x1c03)
    Vendor:   NVIDIA
    VRAM:     6052 MB
    Driver:   30.0.15.1215
Initialize mono
Mono path[0] = 'C:/Program Files/Unity/2021.3.2f1/Editor/Data/Managed'
Mono path[1] = 'C:/Program Files/Unity/2021.3.2f1/Editor/Data/MonoBleedingEdge/lib/mono/unityjit-win32'
Mono config path = 'C:/Program Files/Unity/2021.3.2f1/Editor/Data/MonoBleedingEdge/etc'
Using monoOptions --debugger-agent=transport=dt_socket,embedding=1,server=y,suspend=n,address=127.0.0.1:56544
Begin MonoManager ReloadAssembly
Registering precompiled unity dll's ...
Register platform support module: C:/Program Files/Unity/2021.3.2f1/Editor/Data/PlaybackEngines/WindowsStandaloneSupport/UnityEditor.WindowsStandalone.Extensions.dll
Registered in 0.006857 seconds.
Native extension for WindowsStandalone target not found
Refreshing native plugins compatible for Editor in 134.96 ms, found 3 plugins.
Preloading 0 native plugins for Editor in 0.00 ms.
Mono: successfully reloaded assembly
- Completed reload, in  1.084 seconds
Domain Reload Profiling:
	ReloadAssembly (1085ms)
		BeginReloadAssembly (120ms)
			ExecutionOrderSort (0ms)
			DisableScriptedObjects (0ms)
			BackupInstance (0ms)
			ReleaseScriptingObjects (0ms)
			CreateAndSetChildDomain (1ms)
		EndReloadAssembly (781ms)
			LoadAssemblies (117ms)
			RebuildTransferFunctionScriptingTraits (0ms)
			SetupTypeCache (196ms)
			ReleaseScriptCaches (0ms)
			RebuildScriptCaches (53ms)
			SetupLoadedEditorAssemblies (457ms)
				LogAssemblyErrors (0ms)
				InitializePlatformSupportModulesInManaged (11ms)
				SetLoadedEditorAssemblies (0ms)
				RefreshPlugins (135ms)
				BeforeProcessingInitializeOnLoad (2ms)
				ProcessInitializeOnLoadAttributes (227ms)
				ProcessInitializeOnLoadMethodAttributes (80ms)
				AfterProcessingInitializeOnLoad (0ms)
				EditorAssembliesLoaded (0ms)
			ExecutionOrderSort2 (0ms)
			AwakeInstancesAfterBackupRestoration (0ms)
Platform modules already initialized, skipping
Registering precompiled user dll's ...
Registered in 0.004213 seconds.
Begin MonoManager ReloadAssembly
Symbol file LoadedFromMemory doesn't match image E:\estudis\UI-Portfolio\UI-Portfolio\Library\PackageCache\com.unity.visualscripting@1.7.6\Editor\VisualScripting.Core\Dependencies\YamlDotNet\Unity.VisualScripting.YamlDotNet.dll
Symbol file LoadedFromMemory doesn't match image E:\estudis\UI-Portfolio\UI-Portfolio\Library\PackageCache\com.unity.visualscripting@1.7.6\Editor\VisualScripting.Core\Dependencies\DotNetZip\Unity.VisualScripting.IonicZip.dll
Native extension for WindowsStandalone target not found
Refreshing native plugins compatible for Editor in 1.21 ms, found 3 plugins.
Preloading 0 native plugins for Editor in 0.00 ms.
Mono: successfully reloaded assembly
- Completed reload, in  1.750 seconds
Domain Reload Profiling:
	ReloadAssembly (1751ms)
		BeginReloadAssembly (180ms)
			ExecutionOrderSort (0ms)
			DisableScriptedObjects (10ms)
			BackupInstance (0ms)
			ReleaseScriptingObjects (0ms)
			CreateAndSetChildDomain (34ms)
		EndReloadAssembly (1371ms)
			LoadAssemblies (120ms)
			RebuildTransferFunctionScriptingTraits (0ms)
			SetupTypeCache (507ms)
			ReleaseScriptCaches (1ms)
			RebuildScriptCaches (87ms)
			SetupLoadedEditorAssemblies (595ms)
				LogAssemblyErrors (0ms)
				InitializePlatformSupportModulesInManaged (8ms)
				SetLoadedEditorAssemblies (1ms)
				RefreshPlugins (1ms)
				BeforeProcessingInitializeOnLoad (139ms)
				ProcessInitializeOnLoadAttributes (390ms)
				ProcessInitializeOnLoadMethodAttributes (47ms)
				AfterProcessingInitializeOnLoad (9ms)
				EditorAssembliesLoaded (0ms)
			ExecutionOrderSort2 (0ms)
			AwakeInstancesAfterBackupRestoration (8ms)
Platform modules already initialized, skipping
========================================================================
Worker process is ready to serve import requests
Launched and connected shader compiler UnityShaderCompiler.exe after 0.05 seconds
Refreshing native plugins compatible for Editor in 1.43 ms, found 3 plugins.
Preloading 0 native plugins for Editor in 0.00 ms.
Unloading 3360 Unused Serialized files (Serialized files now loaded: 0)
Unloading 26 unused Assets / (112.5 KB). Loaded Objects now: 3817.
Memory consumption went from 115.6 MB to 115.5 MB.
Total: 6.282400 ms (FindLiveObjects: 0.519100 ms CreateObjectMapping: 0.455300 ms MarkObjects: 5.146200 ms  DeleteObjects: 0.160600 ms)

AssetImportParameters requested are different than current active one (requested -> active):
  custom:video-decoder-ogg-theora: a1e56fd34408186e4bbccfd4996cb3dc -> 
  custom:container-muxer-webm: aa71ff27fc2769a1b78a27578f13a17b -> 
  custom:container-demuxer-webm: 4f35f7cbe854078d1ac9338744f61a02 -> 
  custom:video-encoder-webm-vp8: eb34c28f22e8b96e1ab97ce403110664 -> 
  custom:audio-encoder-webm-vorbis: bf7c407c2cedff20999df2af8eb42d56 -> 
  custom:framework-win-MediaFoundation: 216162199b28c13a410421893ffa2e32 -> 
  custom:container-demuxer-ogg: 62fdf1f143b41e24485cea50d1cbac27 -> 
  custom:video-decoder-webm-vp8: 9c59270c3fd7afecdb556c50c9e8de78 -> 
  custom:audio-decoder-ogg-vorbis: bf7c407c2cedff20999df2af8eb42d56 -> 
========================================================================
Received Import Request.
  Time since last request: 1287.537196 seconds.
  path: Assets/Scenes/SampleScene.unity
  artifactKey: Guid(9fc0d4010bbf28b4594072e72b8655ab) Importer(815301076,1909f56bfc062723c751e8b465ee728b)
Start importing Assets/Scenes/SampleScene.unity using Guid(9fc0d4010bbf28b4594072e72b8655ab) Importer(815301076,1909f56bfc062723c751e8b465ee728b)  -> (artifact id: 'e55ccaa32d8e5c1de03c07a5412c8c3c') in 0.008463 seconds 
========================================================================
Received Import Request.
  Time since last request: 7.536800 seconds.
  path: Assets/Scenes/Gears Of War 2.unity
  artifactKey: Guid(9fc0d4010bbf28b4594072e72b8655ab) Importer(815301076,1909f56bfc062723c751e8b465ee728b)
Start importing Assets/Scenes/Gears Of War 2.unity using Guid(9fc0d4010bbf28b4594072e72b8655ab) Importer(815301076,1909f56bfc062723c751e8b465ee728b)  -> (artifact id: 'f53402fcd82d882f29e710155a10d646') in 0.001203 seconds 
========================================================================
Received Import Request.
  Time since last request: 332.363172 seconds.
  path: Assets/Sprites/redBackground.jpg
  artifactKey: Guid(9032877fdfca85c4cb57ecdc7c392f91) Importer(815301076,1909f56bfc062723c751e8b465ee728b)
Start importing Assets/Sprites/redBackground.jpg using Guid(9032877fdfca85c4cb57ecdc7c392f91) Importer(815301076,1909f56bfc062723c751e8b465ee728b)  -> (artifact id: 'a4a03b66929acbec0d20432ffafe935f') in 0.143858 seconds 
========================================================================
Received Import Request.
  Time since last request: 3.163733 seconds.
  path: Assets/Sprites/redBackground.jpg
  artifactKey: Guid(9032877fdfca85c4cb57ecdc7c392f91) Importer(815301076,1909f56bfc062723c751e8b465ee728b)
Start importing Assets/Sprites/redBackground.jpg using Guid(9032877fdfca85c4cb57ecdc7c392f91) Importer(815301076,1909f56bfc062723c751e8b465ee728b)  -> (artifact id: 'c7a7686d78563cdd247fe5f2c82d007a') in 0.092693 seconds 
========================================================================
Received Import Request.
  Time since last request: 1052.607251 seconds.
  path: Assets/Sprites/gowlogo.png
  artifactKey: Guid(71194a9b51e703645bd0fee5b05bf656) Importer(815301076,1909f56bfc062723c751e8b465ee728b)
Start importing Assets/Sprites/gowlogo.png using Guid(71194a9b51e703645bd0fee5b05bf656) Importer(815301076,1909f56bfc062723c751e8b465ee728b)  -> (artifact id: '7a5ff7519029840f7d6d34bdf3392e1a') in 0.016495 seconds 
========================================================================
Received Import Request.
  Time since last request: 4.282901 seconds.
  path: Assets/Sprites/gowlogo.png
  artifactKey: Guid(71194a9b51e703645bd0fee5b05bf656) Importer(815301076,1909f56bfc062723c751e8b465ee728b)
Start importing Assets/Sprites/gowlogo.png using Guid(71194a9b51e703645bd0fee5b05bf656) Importer(815301076,1909f56bfc062723c751e8b465ee728b)  -> (artifact id: '99db2d4ab3c16ac5f2d3d0bdf68455fa') in 0.057250 seconds 
========================================================================
Received Import Request.
  Time since last request: 0.882971 seconds.
  path: Assets/Sprites/gow2.png
  artifactKey: Guid(0c92d2e3d1e886a44901043ba946568f) Importer(815301076,1909f56bfc062723c751e8b465ee728b)
Start importing Assets/Sprites/gow2.png using Guid(0c92d2e3d1e886a44901043ba946568f) Importer(815301076,1909f56bfc062723c751e8b465ee728b)  -> (artifact id: 'f31b580d3106516fa541486c6d9f6515') in 0.011253 seconds 
========================================================================
Received Import Request.
  Time since last request: 3.826647 seconds.
  path: Assets/Sprites/gow2.png
  artifactKey: Guid(0c92d2e3d1e886a44901043ba946568f) Importer(815301076,1909f56bfc062723c751e8b465ee728b)
Start importing Assets/Sprites/gow2.png using Guid(0c92d2e3d1e886a44901043ba946568f) Importer(815301076,1909f56bfc062723c751e8b465ee728b)  -> (artifact id: '976fb3ea7c06720c8e85aa13413ee72d') in 0.019994 seconds 
========================================================================
Received Import Request.
  Time since last request: 322.441102 seconds.
  path: Assets/Sprites/destroyedcity.png
  artifactKey: Guid(84d66c63e92a68441b801df8d7bb30db) Importer(815301076,1909f56bfc062723c751e8b465ee728b)
Start importing Assets/Sprites/destroyedcity.png using Guid(84d66c63e92a68441b801df8d7bb30db) Importer(815301076,1909f56bfc062723c751e8b465ee728b)  -> (artifact id: 'd84faa411724d6dbc8211feda7ebb8e5') in 0.011475 seconds 
========================================================================
Received Import Request.
  Time since last request: 3.796651 seconds.
  path: Assets/Sprites/destroyedcity.png
  artifactKey: Guid(84d66c63e92a68441b801df8d7bb30db) Importer(815301076,1909f56bfc062723c751e8b465ee728b)
Start importing Assets/Sprites/destroyedcity.png using Guid(84d66c63e92a68441b801df8d7bb30db) Importer(815301076,1909f56bfc062723c751e8b465ee728b)  -> (artifact id: 'e82e33ed0f74e97cebaac1e1bd4c7b5b') in 0.040403 seconds 
========================================================================
Received Prepare
Registering precompiled user dll's ...
Registered in 0.005237 seconds.
Begin MonoManager ReloadAssembly
Symbol file LoadedFromMemory doesn't match image E:\estudis\UI-Portfolio\UI-Portfolio\Library\PackageCache\com.unity.visualscripting@1.7.6\Editor\VisualScripting.Core\Dependencies\YamlDotNet\Unity.VisualScripting.YamlDotNet.dll
Symbol file LoadedFromMemory doesn't match image E:\estudis\UI-Portfolio\UI-Portfolio\Library\PackageCache\com.unity.visualscripting@1.7.6\Editor\VisualScripting.Core\Dependencies\DotNetZip\Unity.VisualScripting.IonicZip.dll
Native extension for WindowsStandalone target not found
Refreshing native plugins compatible for Editor in 0.97 ms, found 3 plugins.
Preloading 0 native plugins for Editor in 0.00 ms.
Mono: successfully reloaded assembly
- Completed reload, in  1.660 seconds
Domain Reload Profiling:
	ReloadAssembly (1661ms)
		BeginReloadAssembly (219ms)
			ExecutionOrderSort (0ms)
			DisableScriptedObjects (8ms)
			BackupInstance (0ms)
			ReleaseScriptingObjects (0ms)
			CreateAndSetChildDomain (72ms)
		EndReloadAssembly (1274ms)
			LoadAssemblies (124ms)
			RebuildTransferFunctionScriptingTraits (0ms)
			SetupTypeCache (494ms)
			ReleaseScriptCaches (2ms)
			RebuildScriptCaches (71ms)
			SetupLoadedEditorAssemblies (513ms)
				LogAssemblyErrors (0ms)
				InitializePlatformSupportModulesInManaged (18ms)
				SetLoadedEditorAssemblies (1ms)
				RefreshPlugins (1ms)
				BeforeProcessingInitializeOnLoad (105ms)
				ProcessInitializeOnLoadAttributes (333ms)
				ProcessInitializeOnLoadMethodAttributes (44ms)
				AfterProcessingInitializeOnLoad (10ms)
				EditorAssembliesLoaded (0ms)
			ExecutionOrderSort2 (0ms)
			AwakeInstancesAfterBackupRestoration (10ms)
Platform modules already initialized, skipping
Refreshing native plugins compatible for Editor in 2.54 ms, found 3 plugins.
Preloading 0 native plugins for Editor in 0.00 ms.
Unloading 3392 Unused Serialized files (Serialized files now loaded: 0)
Unloading 19 unused Assets / (79.3 KB). Loaded Objects now: 3875.
Memory consumption went from 121.1 MB to 121.0 MB.
Total: 6.107200 ms (FindLiveObjects: 0.425100 ms CreateObjectMapping: 0.384100 ms MarkObjects: 5.181400 ms  DeleteObjects: 0.115300 ms)

AssetImportParameters requested are different than current active one (requested -> active):
  custom:video-decoder-ogg-theora: a1e56fd34408186e4bbccfd4996cb3dc -> 
  custom:container-muxer-webm: aa71ff27fc2769a1b78a27578f13a17b -> 
  custom:container-demuxer-webm: 4f35f7cbe854078d1ac9338744f61a02 -> 
  custom:video-encoder-webm-vp8: eb34c28f22e8b96e1ab97ce403110664 -> 
  custom:audio-encoder-webm-vorbis: bf7c407c2cedff20999df2af8eb42d56 -> 
  custom:framework-win-MediaFoundation: 216162199b28c13a410421893ffa2e32 -> 
  custom:container-demuxer-ogg: 62fdf1f143b41e24485cea50d1cbac27 -> 
  custom:video-decoder-webm-vp8: 9c59270c3fd7afecdb556c50c9e8de78 -> 
  custom:audio-decoder-ogg-vorbis: bf7c407c2cedff20999df2af8eb42d56 -> 
========================================================================
Received Import Request.
  Time since last request: 87.408346 seconds.
  path: Assets/Sprites/destroyedcity.png
  artifactKey: Guid(84d66c63e92a68441b801df8d7bb30db) Importer(815301076,1909f56bfc062723c751e8b465ee728b)
Start importing Assets/Sprites/destroyedcity.png using Guid(84d66c63e92a68441b801df8d7bb30db) Importer(815301076,1909f56bfc062723c751e8b465ee728b)  -> (artifact id: 'dab91f981f0fd2fb2d6797c86ffc68a2') in 0.114014 seconds 
========================================================================
Received Import Request.
  Time since last request: 57.181550 seconds.
  path: Assets/Sprites/destroyedcity.png
  artifactKey: Guid(84d66c63e92a68441b801df8d7bb30db) Importer(815301076,1909f56bfc062723c751e8b465ee728b)
Start importing Assets/Sprites/destroyedcity.png using Guid(84d66c63e92a68441b801df8d7bb30db) Importer(815301076,1909f56bfc062723c751e8b465ee728b)  -> (artifact id: 'b04938df54e40c3bdf1dd97e1e38f780') in 0.039713 seconds 
========================================================================
Received Import Request.
  Time since last request: 94.125012 seconds.
  path: Assets/Sprites/gow1logo.png
  artifactKey: Guid(11ab199f9725a48409643e4e291f3134) Importer(815301076,1909f56bfc062723c751e8b465ee728b)
Start importing Assets/Sprites/gow1logo.png using Guid(11ab199f9725a48409643e4e291f3134) Importer(815301076,1909f56bfc062723c751e8b465ee728b)  -> (artifact id: 'ba3777d67c02435b603d1ee81d19f636') in 0.018452 seconds 
========================================================================
Received Import Request.
  Time since last request: 3.585562 seconds.
  path: Assets/Sprites/gow1logo.png
  artifactKey: Guid(11ab199f9725a48409643e4e291f3134) Importer(815301076,1909f56bfc062723c751e8b465ee728b)
Start importing Assets/Sprites/gow1logo.png using Guid(11ab199f9725a48409643e4e291f3134) Importer(815301076,1909f56bfc062723c751e8b465ee728b)  -> (artifact id: 'aa9272cc42b1bbe58580d98304bf85ec') in 0.252294 seconds 
========================================================================
Received Import Request.
  Time since last request: 26.294986 seconds.
  path: Assets/Sprites/gow2(1).png
  artifactKey: Guid(547c0781f6a147f4b983d2b7c579f07b) Importer(815301076,1909f56bfc062723c751e8b465ee728b)
Start importing Assets/Sprites/gow2(1).png using Guid(547c0781f6a147f4b983d2b7c579f07b) Importer(815301076,1909f56bfc062723c751e8b465ee728b)  -> (artifact id: '7a28aa4e0f5cace897e3c16931f0ad43') in 0.014230 seconds 
========================================================================
Received Import Request.
  Time since last request: 3.361936 seconds.
  path: Assets/Sprites/gow2(1).png
  artifactKey: Guid(547c0781f6a147f4b983d2b7c579f07b) Importer(815301076,1909f56bfc062723c751e8b465ee728b)
Start importing Assets/Sprites/gow2(1).png using Guid(547c0781f6a147f4b983d2b7c579f07b) Importer(815301076,1909f56bfc062723c751e8b465ee728b)  -> (artifact id: '8759cf6076a1c6e623744c6ee80321dc') in 0.036363 seconds 
========================================================================
Received Import Request.
  Time since last request: 52.118006 seconds.
  path: Assets/Sprites/gow2.png
  artifactKey: Guid(547c0781f6a147f4b983d2b7c579f07b) Importer(815301076,1909f56bfc062723c751e8b465ee728b)
Start importing Assets/Sprites/gow2.png using Guid(547c0781f6a147f4b983d2b7c579f07b) Importer(815301076,1909f56bfc062723c751e8b465ee728b)  -> (artifact id: '458bd8daae33b5f6fa07e89adec8fd27') in 0.029942 seconds 
========================================================================
Received Import Request.
  Time since last request: 21.879826 seconds.
  path: Assets/Sprites/gowlogo(1).png
  artifactKey: Guid(874ef7ef75f2c4f4794fe1e1f69339a7) Importer(815301076,1909f56bfc062723c751e8b465ee728b)
Start importing Assets/Sprites/gowlogo(1).png using Guid(874ef7ef75f2c4f4794fe1e1f69339a7) Importer(815301076,1909f56bfc062723c751e8b465ee728b)  -> (artifact id: '06e034be74d4a882803382cd1063dea4') in 0.011356 seconds 
========================================================================
Received Import Request.
  Time since last request: 5.156921 seconds.
  path: Assets/Sprites/gowlogo(1).png
  artifactKey: Guid(874ef7ef75f2c4f4794fe1e1f69339a7) Importer(815301076,1909f56bfc062723c751e8b465ee728b)
Start importing Assets/Sprites/gowlogo(1).png using Guid(874ef7ef75f2c4f4794fe1e1f69339a7) Importer(815301076,1909f56bfc062723c751e8b465ee728b)  -> (artifact id: '1beef6a26d72d2e18cc4a009ba111904') in 0.047533 seconds 
========================================================================
Received Import Request.
  Time since last request: 963.368439 seconds.
  path: Assets/Sprites
  artifactKey: Guid(6143d4681221ea6468ca0cd513beab89) Importer(815301076,1909f56bfc062723c751e8b465ee728b)
Start importing Assets/Sprites using Guid(6143d4681221ea6468ca0cd513beab89) Importer(815301076,1909f56bfc062723c751e8b465ee728b)  -> (artifact id: 'cf9c8cd86d133d5ab27f79864a3d45dc') in 0.001488 seconds 
========================================================================
Received Import Request.
  Time since last request: 11.507918 seconds.
  path: Assets/Sprites/Xbox One/XboxOne_A.png
  artifactKey: Guid(6eac37ae5a5c37f43b658de689f72bf3) Importer(815301076,1909f56bfc062723c751e8b465ee728b)
Start importing Assets/Sprites/Xbox One/XboxOne_A.png using Guid(6eac37ae5a5c37f43b658de689f72bf3) Importer(815301076,1909f56bfc062723c751e8b465ee728b)  -> (artifact id: 'a3e02d7bc94c4db0f1cd3f3701cd3d38') in 0.012439 seconds 
========================================================================
Received Import Request.
  Time since last request: 0.828977 seconds.
  path: Assets/Sprites/Xbox One/XboxOne_LB.png
  artifactKey: Guid(c4eb3ef1ebb3ac14ea67d7f20b4f9468) Importer(815301076,1909f56bfc062723c751e8b465ee728b)
Start importing Assets/Sprites/Xbox One/XboxOne_LB.png using Guid(c4eb3ef1ebb3ac14ea67d7f20b4f9468) Importer(815301076,1909f56bfc062723c751e8b465ee728b)  -> (artifact id: 'eda9c966fe343d0d062a7324c1e372ca') in 0.010294 seconds 
========================================================================
Received Import Request.
  Time since last request: 3.851961 seconds.
  path: Assets/Sprites/Xbox One/XboxOne_LB.png
  artifactKey: Guid(c4eb3ef1ebb3ac14ea67d7f20b4f9468) Importer(815301076,1909f56bfc062723c751e8b465ee728b)
Start importing Assets/Sprites/Xbox One/XboxOne_LB.png using Guid(c4eb3ef1ebb3ac14ea67d7f20b4f9468) Importer(815301076,1909f56bfc062723c751e8b465ee728b)  -> (artifact id: 'abd8381158dfcb4ec3489ed3712843a5') in 0.017957 seconds 
